SolomanFIX/proguard/seeds.txt
com.amap.api.mapcore2d.ct
com.amap.api.mapcore2d.ct: com.amap.api.maps2d.model.TileProvider b
com.amap.api.mapcore2d.ct: ct(android.content.Context,int,int)
com.amap.api.mapcore2d.ct: void a(android.content.Context)
com.amap.api.mapcore2d.ct: void a(com.amap.api.maps2d.model.TileProvider)
com.amap.api.mapcore2d.ct: void b(android.content.Context)
com.amap.api.mapcore2d.ct: android.graphics.Bitmap c(com.amap.api.mapcore2d.cb$a)
com.amap.api.mapcore2d.ct: android.graphics.Bitmap a(java.lang.Object)
com.amap.api.mapcore2d.ct: void a(int,int)
com.amap.api.mapcore2d.cu
com.amap.api.mapcore2d.cu: int b
com.amap.api.mapcore2d.cu: int c
com.amap.api.mapcore2d.cu: cu(android.content.Context,int,int)
com.amap.api.mapcore2d.cu: void a(int,int)
com.amap.api.mapcore2d.cu: android.graphics.Bitmap a(int)
com.amap.api.mapcore2d.cu: android.graphics.Bitmap a(java.lang.Object)
com.amap.api.mapcore2d.cu: android.graphics.Bitmap a(android.content.res.Resources,int,int,int,com.amap.api.mapcore2d.cs)
com.amap.api.mapcore2d.cu: android.graphics.Bitmap a(java.io.FileDescriptor,int,int,com.amap.api.mapcore2d.cs)
com.amap.api.mapcore2d.cu: int a(android.graphics.BitmapFactory$Options,int,int)
com.amap.api.mapcore2d.cv
com.amap.api.mapcore2d.cv: com.amap.api.mapcore2d.cs b
com.amap.api.mapcore2d.cv: com.amap.api.mapcore2d.cs$a c
com.amap.api.mapcore2d.cv: boolean d
com.amap.api.mapcore2d.cv: boolean e
com.amap.api.mapcore2d.cv: java.lang.Object f
com.amap.api.mapcore2d.cv: android.content.res.Resources a
com.amap.api.mapcore2d.cv: cv(android.content.Context)
com.amap.api.mapcore2d.cv: void a(boolean,com.amap.api.mapcore2d.cb$a)
com.amap.api.mapcore2d.cv: void a(com.amap.api.mapcore2d.cs$a)
com.amap.api.mapcore2d.cv: android.graphics.Bitmap a(java.lang.Object)
com.amap.api.mapcore2d.cv: com.amap.api.mapcore2d.cs a()
com.amap.api.mapcore2d.cv: void a(com.amap.api.mapcore2d.cb$a)
com.amap.api.mapcore2d.cv: com.amap.api.mapcore2d.cv$a c(com.amap.api.mapcore2d.cb$a)
com.amap.api.mapcore2d.cv: void b()
com.amap.api.mapcore2d.cv: void c()
com.amap.api.mapcore2d.cv: void d()
com.amap.api.mapcore2d.cv: void e()
com.amap.api.mapcore2d.cv: void f()
com.amap.api.mapcore2d.cv: void g()
com.amap.api.mapcore2d.cv: java.lang.Object a(com.amap.api.mapcore2d.cv)
com.amap.api.mapcore2d.cv: boolean b(com.amap.api.mapcore2d.cv)
com.amap.api.mapcore2d.cv: com.amap.api.mapcore2d.cs c(com.amap.api.mapcore2d.cv)
com.amap.api.mapcore2d.cv: boolean d(com.amap.api.mapcore2d.cv)
com.amap.api.mapcore2d.cv: com.amap.api.mapcore2d.cv$a b(com.amap.api.mapcore2d.cb$a)
com.amap.api.mapcore2d.cv$1
com.amap.api.mapcore2d.cv$a
com.amap.api.mapcore2d.cv$a: java.lang.ref.WeakReference c
com.amap.api.mapcore2d.cv$a: com.amap.api.mapcore2d.cv a
com.amap.api.mapcore2d.cv$a: cv$a(com.amap.api.mapcore2d.cv,com.amap.api.mapcore2d.cb$a)
com.amap.api.mapcore2d.cv$a: android.graphics.Bitmap a(java.lang.Boolean[])
com.amap.api.mapcore2d.cv$a: void a(android.graphics.Bitmap)
com.amap.api.mapcore2d.cv$a: void b(android.graphics.Bitmap)
com.amap.api.mapcore2d.cv$a: com.amap.api.mapcore2d.cb$a e()
com.amap.api.mapcore2d.cv$a: void b(java.lang.Object)
com.amap.api.mapcore2d.cv$a: void a(java.lang.Object)
com.amap.api.mapcore2d.cv$a: java.lang.Object a(java.lang.Object[])
com.amap.api.mapcore2d.cv$a: cv$a(com.amap.api.mapcore2d.cv,com.amap.api.mapcore2d.cb$a,com.amap.api.mapcore2d.cv$1)
com.amap.api.mapcore2d.cv$b
com.amap.api.mapcore2d.cv$b: com.amap.api.mapcore2d.cv a
com.amap.api.mapcore2d.cv$b: cv$b(com.amap.api.mapcore2d.cv)
com.amap.api.mapcore2d.cv$b: java.lang.Void d(java.lang.Object[])
com.amap.api.mapcore2d.cv$b: java.lang.Object a(java.lang.Object[])
com.amap.api.mapcore2d.cv$b: cv$b(com.amap.api.mapcore2d.cv,com.amap.api.mapcore2d.cv$1)
com.amap.api.mapcore2d.cw
com.amap.api.mapcore2d.cw: cw()
com.amap.api.mapcore2d.cw: void a(java.lang.String,java.lang.String,int)