SolomanFIX/proguard/mapping.txt
com.amap.api.maps2d.model.PolylineOptions -> com.amap.api.maps2d.model.PolylineOptions:
    com.amap.api.maps2d.model.i CREATOR -> CREATOR
    java.util.List b -> b
    float c -> c
    int d -> d
    float e -> e
    boolean f -> f
    boolean g -> g
    java.lang.String a -> a
    boolean h -> h
    com.amap.api.maps2d.model.PolylineOptions add(com.amap.api.maps2d.model.LatLng) -> add
    com.amap.api.maps2d.model.PolylineOptions add(com.amap.api.maps2d.model.LatLng[]) -> add
    com.amap.api.maps2d.model.PolylineOptions addAll(java.lang.Iterable) -> addAll
    com.amap.api.maps2d.model.PolylineOptions width(float) -> width
    com.amap.api.maps2d.model.PolylineOptions color(int) -> color
    com.amap.api.maps2d.model.PolylineOptions zIndex(float) -> zIndex
    com.amap.api.maps2d.model.PolylineOptions visible(boolean) -> visible
    com.amap.api.maps2d.model.PolylineOptions geodesic(boolean) -> geodesic
    java.util.List getPoints() -> getPoints
    float getWidth() -> getWidth
    int getColor() -> getColor
    float getZIndex() -> getZIndex
    boolean isVisible() -> isVisible
    com.amap.api.maps2d.model.PolylineOptions setDottedLine(boolean) -> setDottedLine
    boolean isDottedLine() -> isDottedLine
    boolean isGeodesic() -> isGeodesic
    int describeContents() -> describeContents
    void writeToParcel(android.os.Parcel,int) -> writeToParcel
com.amap.api.maps2d.model.RoutePara -> com.amap.api.maps2d.model.RoutePara:
    int a -> a
    int b -> b
    com.amap.api.maps2d.model.LatLng c -> c
    com.amap.api.maps2d.model.LatLng d -> d
    java.lang.String e -> e
    java.lang.String f -> f
    int getDrivingRouteStyle() -> getDrivingRouteStyle
    void setDrivingRouteStyle(int) -> setDrivingRouteStyle
    int getTransitRouteStyle() -> getTransitRouteStyle
    void setTransitRouteStyle(int) -> setTransitRouteStyle
    com.amap.api.maps2d.model.LatLng getStartPoint() -> getStartPoint
    void setStartPoint(com.amap.api.maps2d.model.LatLng) -> setStartPoint
    com.amap.api.maps2d.model.LatLng getEndPoint() -> getEndPoint
    void setEndPoint(com.amap.api.maps2d.model.LatLng) -> setEndPoint
    java.lang.String getEndName() -> getEndName
    void setEndName(java.lang.String) -> setEndName
    java.lang.String getStartName() -> getStartName
    void setStartName(java.lang.String) -> setStartName
com.amap.api.maps2d.model.RuntimeRemoteException -> com.amap.api.maps2d.model.RuntimeRemoteException:
com.amap.api.maps2d.model.Text -> com.amap.api.maps2d.model.Text:
    com.amap.api.mapcore2d.as a -> a
    int ALIGN_LEFT -> ALIGN_LEFT
    int ALIGN_RIGHT -> ALIGN_RIGHT
    int ALIGN_CENTER_HORIZONTAL -> ALIGN_CENTER_HORIZONTAL
    int ALIGN_TOP -> ALIGN_TOP
    int ALIGN_BOTTOM -> ALIGN_BOTTOM
    int ALIGN_CENTER_VERTICAL -> ALIGN_CENTER_VERTICAL
    void setText(java.lang.String) -> setText
    java.lang.String getText() -> getText
    void setFontSize(int) -> setFontSize
    int getFontSize() -> getFontSize
    void setFontColor(int) -> setFontColor
    int getFontColor() -> getFontColor
    void setPosition(com.amap.api.maps2d.model.LatLng) -> setPosition
    com.amap.api.maps2d.model.LatLng getPosition() -> getPosition
    void setRotate(float) -> setRotate
    float getRotate() -> getRotate
    void setBackgroundColor(int) -> setBackgroundColor
    int getBackgroundColor() -> getBackgroundColor
    void setTypeface(android.graphics.Typeface) -> setTypeface
    android.graphics.Typeface getTypeface() -> getTypeface
    int getAlignX() -> getAlignX
    int getAlignY() -> getAlignY
    void setAlign(int,int) -> setAlign
    float getZIndex() -> getZIndex
    void setZIndex(float) -> setZIndex
    void setObject(java.lang.Object) -> setObject
    java.lang.Object getObject() -> getObject
    void remove() -> remove