SolomanFIX/proguard/usage.txt
com.loopj.android.http.FileAsyncHttpResponseHandler:
    protected final boolean append
    protected final boolean renameIfExists
    protected java.io.File frontendFile
    private static final java.lang.String LOG_TAG
    45:46:public FileAsyncHttpResponseHandler(java.io.File)
    55:56:public FileAsyncHttpResponseHandler(java.io.File,boolean)
    66:79:public FileAsyncHttpResponseHandler(java.io.File,boolean,boolean)
    87:91:public FileAsyncHttpResponseHandler(android.content.Context)
    99:99:public boolean deleteTargetFile()
    109:115:protected java.io.File getTemporaryFile(android.content.Context)
    124:125:protected java.io.File getOriginalFile()
    134:137:public java.io.File getTargetFile()
    149:169:protected java.io.File getTargetFileByParsingURL()
    174:175:public final void onFailure(int,org.apache.http.Header[],byte[],java.lang.Throwable)
    public abstract void onFailure(int,org.apache.http.Header[],java.lang.Throwable,java.io.File)
    190:191:public final void onSuccess(int,org.apache.http.Header[],byte[])
    public abstract void onSuccess(int,org.apache.http.Header[],java.io.File)
    204:225:protected byte[] getResponseData(org.apache.http.HttpEntity)
com.loopj.android.http.HttpDelete
com.loopj.android.http.HttpGet
com.loopj.android.http.HttpPatch
com.loopj.android.http.JsonHttpResponseHandler
com.loopj.android.http.JsonHttpResponseHandler$1
com.loopj.android.http.JsonHttpResponseHandler$1$1
com.loopj.android.http.JsonHttpResponseHandler$1$2
com.loopj.android.http.JsonHttpResponseHandler$2
com.loopj.android.http.JsonHttpResponseHandler$2$1
com.loopj.android.http.JsonHttpResponseHandler$2$2
com.loopj.android.http.JsonStreamerEntity
com.loopj.android.http.JsonValueInterface
com.loopj.android.http.LogHandler:
    19:20:public void setLoggingEnabled(boolean)
    24:24:public int getLoggingLevel()
    29:30:public void setLoggingLevel(int)
    82:83:public void v(java.lang.String,java.lang.String,java.lang.Throwable)
    92:93:public void d(java.lang.String,java.lang.String,java.lang.Throwable)
    97:98:public void i(java.lang.String,java.lang.String)
    102:103:public void i(java.lang.String,java.lang.String,java.lang.Throwable)
    127:128:public void wtf(java.lang.String,java.lang.String)
    132:133:public void wtf(java.lang.String,java.lang.String,java.lang.Throwable)
com.loopj.android.http.LogInterface:
    public static final int VERBOSE
    public static final int DEBUG
    public static final int INFO
    public static final int WARN
    public static final int ERROR
    public static final int WTF
    public abstract boolean isLoggingEnabled()
    public abstract void setLoggingEnabled(boolean)
    public abstract int getLoggingLevel()
    public abstract void setLoggingLevel(int)
    public abstract boolean shouldLog(int)
    public abstract void v(java.lang.String,java.lang.String,java.lang.Throwable)
    public abstract void d(java.lang.String,java.lang.String,java.lang.Throwable)
    public abstract void i(java.lang.String,java.lang.String)
    public abstract void i(java.lang.String,java.lang.String,java.lang.Throwable)
    public abstract void wtf(java.lang.String,java.lang.String)
    public abstract void wtf(java.lang.String,java.lang.String,java.lang.Throwable)
com.loopj.android.http.MyRedirectHandler:
    private static final java.lang.String REDIRECT_LOCATIONS
com.loopj.android.http.MySSLSocketFactory:
    102:103:public void fixHttpsURLConnection()
    114:142:public static java.security.KeyStore getKeystoreOfCA(java.io.InputStream)
    187:200:public static org.apache.http.impl.client.DefaultHttpClient getNewHttpClient(java.security.KeyStore)
com.loopj.android.http.PersistentCookieStore
com.loopj.android.http.PreemptiveAuthorizationHttpRequestInterceptor